nohup: ignoring input
Webhook sunucusu çalışıyor: http://localhost:3000
Webhook tetiklendi: Yeni yazı oluşturuldu.
Astro.js build işlemi başlıyor...
Build işlemi tamamlandı.
Dosya işlemleri başlıyor...
Dosya işlemleri tamamlandı.
Webhook tetiklendi: Yeni yazı oluşturuldu.
Astro.js build işlemi başlıyor...
Build işlemi tamamlandı.
Dosya işlemleri başlıyor...
Dosya işlemleri tamamlandı.
Webhook tetiklendi: Yeni yazı oluşturuldu.
Astro.js build işlemi başlıyor...
Build işlemi tamamlandı.
Dosya işlemleri başlıyor...
Dosya işlemleri tamamlandı.
Webhook tetiklendi: Yeni yazı oluşturuldu.
Astro.js build işlemi başlıyor...
Build işlemi tamamlandı.
Dosya işlemleri başlıyor...
Dosya işlemleri tamamlandı.
Webhook tetiklendi: Yeni yazı oluşturuldu.
Astro.js build işlemi başlıyor...
Build işlemi tamamlandı.
Dosya işlemleri başlıyor...
Dosya işlemleri tamamlandı.
Webhook tetiklendi: Yeni yazı oluşturuldu.
Astro.js build işlemi başlıyor...
Build işlemi tamamlandı.
Dosya işlemleri başlıyor...
Dosya işlemleri tamamlandı.
Webhook tetiklendi: Yeni yazı oluşturuldu.
Astro.js build işlemi başlıyor...
Build işlemi tamamlandı.
Dosya işlemleri başlıyor...
Dosya işlemleri tamamlandı.
Webhook tetiklendi: Yeni yazı oluşturuldu.
Astro.js build işlemi başlıyor...
Build işlemi tamamlandı.
Dosya işlemleri başlıyor...
Dosya işlemleri tamamlandı.
Webhook tetiklendi: Yeni yazı oluşturuldu.
Astro.js build işlemi başlıyor...
Build işlemi tamamlandı.
Dosya işlemleri başlıyor...
Dosya işlemleri tamamlandı.
Webhook tetiklendi: Yeni yazı oluşturuldu.
Astro.js build işlemi başlıyor...
Build işlemi tamamlandı.
Dosya işlemleri başlıyor...
Dosya işlemleri tamamlandı.
Webhook tetiklendi: Yeni yazı oluşturuldu.
Astro.js build işlemi başlıyor...
Build işlemi tamamlandı.
Dosya işlemleri başlıyor...
Dosya işlemleri tamamlandı.
Webhook tetiklendi: Yeni yazı oluşturuldu.
Astro.js build işlemi başlıyor...
Build işlemi tamamlandı.
Dosya işlemleri başlıyor...
Dosya işlemleri tamamlandı.
Webhook tetiklendi: Yeni yazı oluşturuldu.
Astro.js build işlemi başlıyor...
Build işlemi tamamlandı.
Dosya işlemleri başlıyor...
Dosya işlemleri tamamlandı.
Webhook tetiklendi: Yeni yazı oluşturuldu.
Astro.js build işlemi başlıyor...
Build işlemi tamamlandı.
Dosya işlemleri başlıyor...
Dosya işlemleri tamamlandı.
Webhook tetiklendi: Yeni yazı oluşturuldu.
Astro.js build işlemi başlıyor...
Build işlemi tamamlandı.
Dosya işlemleri başlıyor...
Dosya işlemleri tamamlandı.
Webhook tetiklendi: Yeni yazı oluşturuldu.
Astro.js build işlemi başlıyor...
Build işlemi tamamlandı.
Dosya işlemleri başlıyor...
Dosya işlemleri tamamlandı.
Webhook tetiklendi: Yeni yazı oluşturuldu.
Astro.js build işlemi başlıyor...
Build işlemi tamamlandı.
Dosya işlemleri başlıyor...
Dosya işlemleri tamamlandı.
Webhook tetiklendi: Yeni yazı oluşturuldu.
Astro.js build işlemi başlıyor...
Build işlemi tamamlandı.
Dosya işlemleri başlıyor...
Dosya işlemleri tamamlandı.
Webhook tetiklendi: Yeni yazı oluşturuldu.
Astro.js build işlemi başlıyor...
Build işlemi tamamlandı.
Dosya işlemleri başlıyor...
Dosya işlemleri tamamlandı.
Webhook tetiklendi: Yeni yazı oluşturuldu.
Astro.js build işlemi başlıyor...
Webhook tetiklendi: Yeni yazı oluşturuldu.
Astro.js build işlemi başlıyor...
Build hatası: Cannot find module '/var/www/html/bugunlerden/temp/pages/reklam.astro.mjs' imported from /usr/lib/node_modules/astro/dist/core/build/pipeline.js
  Stack trace:
    at finalizeResolution (node:internal/modules/esm/resolve:265:11)
    at defaultResolve (node:internal/modules/esm/resolve:1169:11)
    at ModuleLoader.resolve (node:internal/modules/esm/loader:510:25)
    at ModuleLoader.import (node:internal/modules/esm/loader:472:34)
    at importModuleDynamicallyCallback (node:internal/modules/esm/utils:253:12)

Hata: Build işlemi başarısız oldu
Webhook tetiklendi: Yeni yazı oluşturuldu.
Astro.js build işlemi başlıyor...
Webhook tetiklendi: Yeni yazı oluşturuldu.
Astro.js build işlemi başlıyor...
Build işlemi tamamlandı.
Dosya işlemleri başlıyor...
Dosya işlemleri tamamlandı.
Webhook tetiklendi: Yeni yazı oluşturuldu.
Astro.js build işlemi başlıyor...
Webhook tetiklendi: Yeni yazı oluşturuldu.
Astro.js build işlemi başlıyor...
Webhook tetiklendi: Yeni yazı oluşturuldu.
Astro.js build işlemi başlıyor...
Webhook tetiklendi: Yeni yazı oluşturuldu.
Astro.js build işlemi başlıyor...
Webhook tetiklendi: Yeni yazı oluşturuldu.
Astro.js build işlemi başlıyor...
Build hatası: [InvalidImageService] There was an error loading the configured image service. Please see the stack trace for more information.
  Error reference:
    https://docs.astro.build/en/reference/errors/invalid-image-service/
  Stack trace:
    at file:///var/www/html/bugunlerden/temp/chunks/_astro_assets_0ybOokm9.mjs:1246:21
    at async getConfiguredImageService (file:///var/www/html/bugunlerden/temp/chunks/_astro_assets_0ybOokm9.mjs:1242:34)
    at async getImage (file:///var/www/html/bugunlerden/temp/chunks/_astro_assets_0ybOokm9.mjs:1516:42)
  Caused by:
  Cannot find module '/var/www/html/bugunlerden/temp/chunks/sharp_Ctk18cyX.mjs' imported from /var/www/html/bugunlerden/temp/chunks/_astro_assets_0ybOokm9.mjs
    at finalizeResolution (node:internal/modules/esm/resolve:265:11)
    at defaultResolve (node:internal/modules/esm/resolve:1169:11)
    at ModuleLoader.resolve (node:internal/modules/esm/loader:510:25)
    at ModuleLoader.import (node:internal/modules/esm/loader:472:34)
    at importModuleDynamicallyCallback (node:internal/modules/esm/utils:253:12)

Hata: Build işlemi başarısız oldu
Build hatası: [InvalidImageService] There was an error loading the configured image service. Please see the stack trace for more information.
  Error reference:
    https://docs.astro.build/en/reference/errors/invalid-image-service/
  Stack trace:
    at file:///var/www/html/bugunlerden/temp/chunks/_astro_assets_0ybOokm9.mjs:1246:21
    at async getConfiguredImageService (file:///var/www/html/bugunlerden/temp/chunks/_astro_assets_0ybOokm9.mjs:1242:34)
    at async getImage (file:///var/www/html/bugunlerden/temp/chunks/_astro_assets_0ybOokm9.mjs:1516:42)
  Caused by:
  Cannot find module '/var/www/html/bugunlerden/temp/chunks/sharp_Ctk18cyX.mjs' imported from /var/www/html/bugunlerden/temp/chunks/_astro_assets_0ybOokm9.mjs
    at finalizeResolution (node:internal/modules/esm/resolve:265:11)
    at defaultResolve (node:internal/modules/esm/resolve:1169:11)
    at ModuleLoader.resolve (node:internal/modules/esm/loader:510:25)
    at ModuleLoader.import (node:internal/modules/esm/loader:472:34)
    at importModuleDynamicallyCallback (node:internal/modules/esm/utils:253:12)

Hata: Build işlemi başarısız oldu
Build hatası: [InvalidImageService] There was an error loading the configured image service. Please see the stack trace for more information.
  Error reference:
    https://docs.astro.build/en/reference/errors/invalid-image-service/
  Stack trace:
    at file:///var/www/html/bugunlerden/temp/chunks/_astro_assets_0ybOokm9.mjs:1246:21
    at async getConfiguredImageService (file:///var/www/html/bugunlerden/temp/chunks/_astro_assets_0ybOokm9.mjs:1242:34)
    at async getImage (file:///var/www/html/bugunlerden/temp/chunks/_astro_assets_0ybOokm9.mjs:1516:42)
  Caused by:
  Cannot find module '/var/www/html/bugunlerden/temp/chunks/sharp_Ctk18cyX.mjs' imported from /var/www/html/bugunlerden/temp/chunks/_astro_assets_0ybOokm9.mjs
    at finalizeResolution (node:internal/modules/esm/resolve:265:11)
    at defaultResolve (node:internal/modules/esm/resolve:1169:11)
    at ModuleLoader.resolve (node:internal/modules/esm/loader:510:25)
    at ModuleLoader.import (node:internal/modules/esm/loader:472:34)
    at importModuleDynamicallyCallback (node:internal/modules/esm/utils:253:12)

Hata: Build işlemi başarısız oldu
Build hatası: [InvalidImageService] There was an error loading the configured image service. Please see the stack trace for more information.
  Error reference:
    https://docs.astro.build/en/reference/errors/invalid-image-service/
  Stack trace:
    at file:///var/www/html/bugunlerden/temp/chunks/_astro_assets_0ybOokm9.mjs:1246:21
    at async getConfiguredImageService (file:///var/www/html/bugunlerden/temp/chunks/_astro_assets_0ybOokm9.mjs:1242:34)
    at async getImage (file:///var/www/html/bugunlerden/temp/chunks/_astro_assets_0ybOokm9.mjs:1516:42)
  Caused by:
  Cannot find module '/var/www/html/bugunlerden/temp/chunks/sharp_Ctk18cyX.mjs' imported from /var/www/html/bugunlerden/temp/chunks/_astro_assets_0ybOokm9.mjs
    at finalizeResolution (node:internal/modules/esm/resolve:265:11)
    at defaultResolve (node:internal/modules/esm/resolve:1169:11)
    at ModuleLoader.resolve (node:internal/modules/esm/loader:510:25)
    at ModuleLoader.import (node:internal/modules/esm/loader:472:34)
    at importModuleDynamicallyCallback (node:internal/modules/esm/utils:253:12)

Hata: Build işlemi başarısız oldu
Build hatası: [InvalidImageService] There was an error loading the configured image service. Please see the stack trace for more information.
  Error reference:
    https://docs.astro.build/en/reference/errors/invalid-image-service/
  Stack trace:
    at file:///var/www/html/bugunlerden/temp/chunks/_astro_assets_0ybOokm9.mjs:1246:21
    at async getConfiguredImageService (file:///var/www/html/bugunlerden/temp/chunks/_astro_assets_0ybOokm9.mjs:1242:34)
    at async getImage (file:///var/www/html/bugunlerden/temp/chunks/_astro_assets_0ybOokm9.mjs:1516:42)
  Caused by:
  Cannot find module '/var/www/html/bugunlerden/temp/chunks/sharp_Ctk18cyX.mjs' imported from /var/www/html/bugunlerden/temp/chunks/_astro_assets_0ybOokm9.mjs
    at finalizeResolution (node:internal/modules/esm/resolve:265:11)
    at defaultResolve (node:internal/modules/esm/resolve:1169:11)
    at ModuleLoader.resolve (node:internal/modules/esm/loader:510:25)
    at ModuleLoader.import (node:internal/modules/esm/loader:472:34)
    at importModuleDynamicallyCallback (node:internal/modules/esm/utils:253:12)

Hata: Build işlemi başarısız oldu
Build işlemi tamamlandı.
Dosya işlemleri başlıyor...
Dosya işlemleri tamamlandı.
Build hatası: Cannot find module '/var/www/html/bugunlerden/temp/pages/reklam.astro.mjs' imported from /usr/lib/node_modules/astro/dist/core/build/pipeline.js
  Stack trace:
    at finalizeResolution (node:internal/modules/esm/resolve:265:11)
    at defaultResolve (node:internal/modules/esm/resolve:1169:11)
    at ModuleLoader.resolve (node:internal/modules/esm/loader:510:25)
    at ModuleLoader.import (node:internal/modules/esm/loader:472:34)
    at importModuleDynamicallyCallback (node:internal/modules/esm/utils:253:12)

Hata: Build işlemi başarısız oldu
Webhook tetiklendi: Yeni yazı oluşturuldu.
Astro.js build işlemi başlıyor...
Build işlemi tamamlandı.
Dosya işlemleri başlıyor...
Dosya işlemleri tamamlandı.
Webhook tetiklendi: Yeni yazı oluşturuldu.
Astro.js build işlemi başlıyor...
Build işlemi tamamlandı.
Dosya işlemleri başlıyor...
Dosya işlemleri tamamlandı.
Webhook tetiklendi: Yeni yazı oluşturuldu.
Astro.js build işlemi başlıyor...
Build işlemi tamamlandı.
Dosya işlemleri başlıyor...
Dosya işlemleri tamamlandı.
Webhook tetiklendi: Yeni yazı oluşturuldu.
Astro.js build işlemi başlıyor...
Build işlemi tamamlandı.
Dosya işlemleri başlıyor...
Dosya işlemleri tamamlandı.
Webhook tetiklendi: Yeni yazı oluşturuldu.
Astro.js build işlemi başlıyor...
Build işlemi tamamlandı.
Dosya işlemleri başlıyor...
Dosya işlemleri tamamlandı.
Webhook tetiklendi: Yeni yazı oluşturuldu.
Astro.js build işlemi başlıyor...
Build işlemi tamamlandı.
Dosya işlemleri başlıyor...
Dosya işlemleri tamamlandı.
Webhook tetiklendi: Yeni yazı oluşturuldu.
Astro.js build işlemi başlıyor...
Webhook tetiklendi: Yeni yazı oluşturuldu.
Astro.js build işlemi başlıyor...
Webhook tetiklendi: Yeni yazı oluşturuldu.
Astro.js build işlemi başlıyor...
Webhook tetiklendi: Yeni yazı oluşturuldu.
Astro.js build işlemi başlıyor...
Webhook tetiklendi: Yeni yazı oluşturuldu.
Astro.js build işlemi başlıyor...
Webhook tetiklendi: Yeni yazı oluşturuldu.
Astro.js build işlemi başlıyor...
Webhook tetiklendi: Yeni yazı oluşturuldu.
Astro.js build işlemi başlıyor...
Build hatası: ENOENT: no such file or directory, mkdir '/var/www/html/bugunlerden/temp/category/mobil-teknoloji/'
  Location:
    /usr/lib/node_modules/astro/dist/core/build/generate.js:346:3
  Stack trace:
    at async Object.mkdir (node:internal/fs/promises:858:10)
    at async generatePathWithLogs (file:///usr/lib/node_modules/astro/dist/core/build/generate.js:136:21)
    at async generatePages (file:///usr/lib/node_modules/astro/dist/core/build/generate.js:82:7)
    at async AstroBuilder.build (file:///usr/lib/node_modules/astro/dist/core/build/index.js:147:5)
    at async build (file:///usr/lib/node_modules/astro/dist/core/build/index.js:43:3)

Hata: Build işlemi başarısız oldu
Build hatası: Cannot find module '/var/www/html/bugunlerden/temp/pages/gizlilik-politikasi.astro.mjs' imported from /usr/lib/node_modules/astro/dist/core/build/pipeline.js
  Stack trace:
    at finalizeResolution (node:internal/modules/esm/resolve:265:11)
    at defaultResolve (node:internal/modules/esm/resolve:1169:11)
    at ModuleLoader.resolve (node:internal/modules/esm/loader:510:25)
    at ModuleLoader.import (node:internal/modules/esm/loader:472:34)
    at importModuleDynamicallyCallback (node:internal/modules/esm/utils:253:12)

Hata: Build işlemi başarısız oldu
Build hatası: Cannot find module '/var/www/html/bugunlerden/temp/pages/gizlilik-politikasi.astro.mjs' imported from /usr/lib/node_modules/astro/dist/core/build/pipeline.js
  Stack trace:
    at finalizeResolution (node:internal/modules/esm/resolve:265:11)
    at defaultResolve (node:internal/modules/esm/resolve:1169:11)
    at ModuleLoader.resolve (node:internal/modules/esm/loader:510:25)
    at ModuleLoader.import (node:internal/modules/esm/loader:472:34)
    at importModuleDynamicallyCallback (node:internal/modules/esm/utils:253:12)

Hata: Build işlemi başarısız oldu
Build hatası: Cannot find module '/var/www/html/bugunlerden/temp/pages/gizlilik-politikasi.astro.mjs' imported from /usr/lib/node_modules/astro/dist/core/build/pipeline.js
  Stack trace:
    at finalizeResolution (node:internal/modules/esm/resolve:265:11)
    at defaultResolve (node:internal/modules/esm/resolve:1169:11)
    at ModuleLoader.resolve (node:internal/modules/esm/loader:510:25)
    at ModuleLoader.import (node:internal/modules/esm/loader:472:34)
    at importModuleDynamicallyCallback (node:internal/modules/esm/utils:253:12)

Hata: Build işlemi başarısız oldu
Build hatası: Cannot find module '/var/www/html/bugunlerden/temp/pages/gizlilik-politikasi.astro.mjs' imported from /usr/lib/node_modules/astro/dist/core/build/pipeline.js
  Stack trace:
    at finalizeResolution (node:internal/modules/esm/resolve:265:11)
    at defaultResolve (node:internal/modules/esm/resolve:1169:11)
    at ModuleLoader.resolve (node:internal/modules/esm/loader:510:25)
    at ModuleLoader.import (node:internal/modules/esm/loader:472:34)
    at importModuleDynamicallyCallback (node:internal/modules/esm/utils:253:12)

Hata: Build işlemi başarısız oldu
Build işlemi tamamlandı.
Dosya işlemleri başlıyor...
Dosya işlemleri tamamlandı.
Build hatası: Cannot find module '/var/www/html/bugunlerden/temp/pages/reklam.astro.mjs' imported from /usr/lib/node_modules/astro/dist/core/build/pipeline.js
  Stack trace:
    at finalizeResolution (node:internal/modules/esm/resolve:265:11)
    at defaultResolve (node:internal/modules/esm/resolve:1169:11)
    at ModuleLoader.resolve (node:internal/modules/esm/loader:510:25)
    at ModuleLoader.import (node:internal/modules/esm/loader:472:34)
    at importModuleDynamicallyCallback (node:internal/modules/esm/utils:253:12)

Hata: Build işlemi başarısız oldu
Webhook tetiklendi: Yeni yazı oluşturuldu.
Astro.js build işlemi başlıyor...
Build işlemi tamamlandı.
Dosya işlemleri başlıyor...
Dosya işlemleri tamamlandı.
Webhook tetiklendi: Yeni yazı oluşturuldu.
Astro.js build işlemi başlıyor...
Build işlemi tamamlandı.
Dosya işlemleri başlıyor...
Dosya işlemleri tamamlandı.
Webhook tetiklendi: Yeni yazı oluşturuldu.
Astro.js build işlemi başlıyor...
Build işlemi tamamlandı.
Dosya işlemleri başlıyor...
Dosya işlemleri tamamlandı.
Webhook tetiklendi: Yeni yazı oluşturuldu.
Astro.js build işlemi başlıyor...
Build işlemi tamamlandı.
Dosya işlemleri başlıyor...
Dosya işlemleri tamamlandı.
Webhook tetiklendi: Yeni yazı oluşturuldu.
Astro.js build işlemi başlıyor...
Build işlemi tamamlandı.
Dosya işlemleri başlıyor...
Dosya işlemleri tamamlandı.
Webhook tetiklendi: Yeni yazı oluşturuldu.
Astro.js build işlemi başlıyor...
Build işlemi tamamlandı.
Dosya işlemleri başlıyor...
Dosya işlemleri tamamlandı.
Webhook tetiklendi: Yeni yazı oluşturuldu.
Astro.js build işlemi başlıyor...
Build işlemi tamamlandı.
Dosya işlemleri başlıyor...
Dosya işlemleri tamamlandı.
Webhook tetiklendi: Yeni yazı oluşturuldu.
Astro.js build işlemi başlıyor...
Build işlemi tamamlandı.
Dosya işlemleri başlıyor...
Dosya işlemleri tamamlandı.
Webhook tetiklendi: Yeni yazı oluşturuldu.
Astro.js build işlemi başlıyor...
Build işlemi tamamlandı.
Dosya işlemleri başlıyor...
Dosya işlemleri tamamlandı.
Webhook tetiklendi: Yeni yazı oluşturuldu.
Astro.js build işlemi başlıyor...
Build işlemi tamamlandı.
Dosya işlemleri başlıyor...
Dosya işlemleri tamamlandı.
Webhook tetiklendi: Yeni yazı oluşturuldu.
Astro.js build işlemi başlıyor...
Build işlemi tamamlandı.
Dosya işlemleri başlıyor...
Dosya işlemleri tamamlandı.
Webhook tetiklendi: Yeni yazı oluşturuldu.
Astro.js build işlemi başlıyor...
Build işlemi tamamlandı.
Dosya işlemleri başlıyor...
Dosya işlemleri tamamlandı.
Webhook tetiklendi: Yeni yazı oluşturuldu.
Astro.js build işlemi başlıyor...
Build işlemi tamamlandı.
Dosya işlemleri başlıyor...
Dosya işlemleri tamamlandı.
Webhook tetiklendi: Yeni yazı oluşturuldu.
Astro.js build işlemi başlıyor...
Build işlemi tamamlandı.
Dosya işlemleri başlıyor...
Dosya işlemleri tamamlandı.
Webhook tetiklendi: Yeni yazı oluşturuldu.
Astro.js build işlemi başlıyor...
Build işlemi tamamlandı.
Dosya işlemleri başlıyor...
Dosya işlemleri tamamlandı.
Webhook tetiklendi: Yeni yazı oluşturuldu.
Astro.js build işlemi başlıyor...
Build işlemi tamamlandı.
Dosya işlemleri başlıyor...
Dosya işlemleri tamamlandı.
Webhook tetiklendi: Yeni yazı oluşturuldu.
Astro.js build işlemi başlıyor...
Build işlemi tamamlandı.
Dosya işlemleri başlıyor...
Dosya işlemleri tamamlandı.
Webhook tetiklendi: Yeni yazı oluşturuldu.
Astro.js build işlemi başlıyor...
Build işlemi tamamlandı.
Dosya işlemleri başlıyor...
Dosya işlemleri tamamlandı.
Webhook tetiklendi: Yeni yazı oluşturuldu.
Astro.js build işlemi başlıyor...
Build işlemi tamamlandı.
Dosya işlemleri başlıyor...
Dosya işlemleri tamamlandı.
Webhook tetiklendi: Yeni yazı oluşturuldu.
Astro.js build işlemi başlıyor...
Build işlemi tamamlandı.
Dosya işlemleri başlıyor...
Dosya işlemleri tamamlandı.
Webhook tetiklendi: Yeni yazı oluşturuldu.
Astro.js build işlemi başlıyor...
Build işlemi tamamlandı.
Dosya işlemleri başlıyor...
Dosya işlemleri tamamlandı.
Webhook tetiklendi: Yeni yazı oluşturuldu.
Astro.js build işlemi başlıyor...
Build işlemi tamamlandı.
Dosya işlemleri başlıyor...
Dosya işlemleri tamamlandı.
Webhook tetiklendi: Yeni yazı oluşturuldu.
Astro.js build işlemi başlıyor...
Build işlemi tamamlandı.
Dosya işlemleri başlıyor...
Dosya işlemleri tamamlandı.
Webhook tetiklendi: Yeni yazı oluşturuldu.
Astro.js build işlemi başlıyor...
Build işlemi tamamlandı.
Dosya işlemleri başlıyor...
Dosya işlemleri tamamlandı.
Webhook tetiklendi: Yeni yazı oluşturuldu.
Astro.js build işlemi başlıyor...
Build işlemi tamamlandı.
Dosya işlemleri başlıyor...
Dosya işlemleri tamamlandı.
Webhook tetiklendi: Yeni yazı oluşturuldu.
Astro.js build işlemi başlıyor...
Build işlemi tamamlandı.
Dosya işlemleri başlıyor...
Dosya işlemleri tamamlandı.
Webhook tetiklendi: Yeni yazı oluşturuldu.
Astro.js build işlemi başlıyor...
Build işlemi tamamlandı.
Dosya işlemleri başlıyor...
Dosya işlemleri tamamlandı.
Webhook tetiklendi: Yeni yazı oluşturuldu.
Astro.js build işlemi başlıyor...
Build işlemi tamamlandı.
Dosya işlemleri başlıyor...
Dosya işlemleri tamamlandı.
Webhook tetiklendi: Yeni yazı oluşturuldu.
Astro.js build işlemi başlıyor...
Webhook tetiklendi: Yeni yazı oluşturuldu.
Astro.js build işlemi başlıyor...
Build işlemi tamamlandı.
Dosya işlemleri başlıyor...
Dosya işlemleri tamamlandı.
Webhook tetiklendi: Yeni yazı oluşturuldu.
Astro.js build işlemi başlıyor...
Webhook tetiklendi: Yeni yazı oluşturuldu.
Astro.js build işlemi başlıyor...
Webhook tetiklendi: Yeni yazı oluşturuldu.
Astro.js build işlemi başlıyor...
Webhook tetiklendi: Yeni yazı oluşturuldu.
Astro.js build işlemi başlıyor...
Webhook tetiklendi: Yeni yazı oluşturuldu.
Astro.js build işlemi başlıyor...
Webhook tetiklendi: Yeni yazı oluşturuldu.
Astro.js build işlemi başlıyor...
Webhook tetiklendi: Yeni yazı oluşturuldu.
Astro.js build işlemi başlıyor...
Build hatası: Cannot find module '/var/www/html/bugunlerden/temp/pages/gizlilik-politikasi.astro.mjs' imported from /usr/lib/node_modules/astro/dist/core/build/pipeline.js
  Stack trace:
    at finalizeResolution (node:internal/modules/esm/resolve:265:11)
    at defaultResolve (node:internal/modules/esm/resolve:1169:11)
    at ModuleLoader.resolve (node:internal/modules/esm/loader:510:25)
    at ModuleLoader.import (node:internal/modules/esm/loader:472:34)
    at importModuleDynamicallyCallback (node:internal/modules/esm/utils:253:12)

Hata: Build işlemi başarısız oldu
Build hatası: Cannot find module '/var/www/html/bugunlerden/temp/pages/gizlilik-politikasi.astro.mjs' imported from /usr/lib/node_modules/astro/dist/core/build/pipeline.js
  Stack trace:
    at finalizeResolution (node:internal/modules/esm/resolve:265:11)
    at defaultResolve (node:internal/modules/esm/resolve:1169:11)
    at ModuleLoader.resolve (node:internal/modules/esm/loader:510:25)
    at ModuleLoader.import (node:internal/modules/esm/loader:472:34)
    at importModuleDynamicallyCallback (node:internal/modules/esm/utils:253:12)

Hata: Build işlemi başarısız oldu
Build hatası: Cannot find module '/var/www/html/bugunlerden/temp/pages/gizlilik-politikasi.astro.mjs' imported from /usr/lib/node_modules/astro/dist/core/build/pipeline.js
  Stack trace:
    at finalizeResolution (node:internal/modules/esm/resolve:265:11)
    at defaultResolve (node:internal/modules/esm/resolve:1169:11)
    at ModuleLoader.resolve (node:internal/modules/esm/loader:510:25)
    at ModuleLoader.import (node:internal/modules/esm/loader:472:34)
    at importModuleDynamicallyCallback (node:internal/modules/esm/utils:253:12)

Hata: Build işlemi başarısız oldu
Build hatası: Cannot find module '/var/www/html/bugunlerden/temp/pages/gizlilik-politikasi.astro.mjs' imported from /usr/lib/node_modules/astro/dist/core/build/pipeline.js
  Stack trace:
    at finalizeResolution (node:internal/modules/esm/resolve:265:11)
    at defaultResolve (node:internal/modules/esm/resolve:1169:11)
    at ModuleLoader.resolve (node:internal/modules/esm/loader:510:25)
    at ModuleLoader.import (node:internal/modules/esm/loader:472:34)
    at importModuleDynamicallyCallback (node:internal/modules/esm/utils:253:12)

Hata: Build işlemi başarısız oldu
Build hatası: Cannot find module '/var/www/html/bugunlerden/temp/pages/gizlilik-politikasi.astro.mjs' imported from /usr/lib/node_modules/astro/dist/core/build/pipeline.js
  Stack trace:
    at finalizeResolution (node:internal/modules/esm/resolve:265:11)
    at defaultResolve (node:internal/modules/esm/resolve:1169:11)
    at ModuleLoader.resolve (node:internal/modules/esm/loader:510:25)
    at ModuleLoader.import (node:internal/modules/esm/loader:472:34)
    at importModuleDynamicallyCallback (node:internal/modules/esm/utils:253:12)

Hata: Build işlemi başarısız oldu
Build hatası: Cannot find module '/var/www/html/bugunlerden/temp/pages/gizlilik-politikasi.astro.mjs' imported from /usr/lib/node_modules/astro/dist/core/build/pipeline.js
  Stack trace:
    at finalizeResolution (node:internal/modules/esm/resolve:265:11)
    at defaultResolve (node:internal/modules/esm/resolve:1169:11)
    at ModuleLoader.resolve (node:internal/modules/esm/loader:510:25)
    at ModuleLoader.import (node:internal/modules/esm/loader:472:34)
    at importModuleDynamicallyCallback (node:internal/modules/esm/utils:253:12)

Hata: Build işlemi başarısız oldu
Build işlemi tamamlandı.
Dosya işlemleri başlıyor...
Dosya işlemleri tamamlandı.
Build hatası: Cannot find module '/var/www/html/bugunlerden/temp/pages/reklam.astro.mjs' imported from /usr/lib/node_modules/astro/dist/core/build/pipeline.js
  Stack trace:
    at finalizeResolution (node:internal/modules/esm/resolve:265:11)
    at defaultResolve (node:internal/modules/esm/resolve:1169:11)
    at ModuleLoader.resolve (node:internal/modules/esm/loader:510:25)
    at ModuleLoader.import (node:internal/modules/esm/loader:472:34)
    at importModuleDynamicallyCallback (node:internal/modules/esm/utils:253:12)

Hata: Build işlemi başarısız oldu
Webhook tetiklendi: Yeni yazı oluşturuldu.
Astro.js build işlemi başlıyor...
Build işlemi tamamlandı.
Dosya işlemleri başlıyor...
Dosya işlemleri tamamlandı.
Webhook tetiklendi: Yeni yazı oluşturuldu.
Astro.js build işlemi başlıyor...
Build işlemi tamamlandı.
Dosya işlemleri başlıyor...
Dosya işlemleri tamamlandı.
Webhook tetiklendi: Yeni yazı oluşturuldu.
Astro.js build işlemi başlıyor...
Build işlemi tamamlandı.
Dosya işlemleri başlıyor...
Dosya işlemleri tamamlandı.
Webhook tetiklendi: Yeni yazı oluşturuldu.
Astro.js build işlemi başlıyor...
Build işlemi tamamlandı.
Dosya işlemleri başlıyor...
Dosya işlemleri tamamlandı.
Webhook tetiklendi: Yeni yazı oluşturuldu.
Astro.js build işlemi başlıyor...
Build işlemi tamamlandı.
Dosya işlemleri başlıyor...
Dosya işlemleri tamamlandı.
Webhook tetiklendi: Yeni yazı oluşturuldu.
Astro.js build işlemi başlıyor...
Build işlemi tamamlandı.
Dosya işlemleri başlıyor...
Dosya işlemleri tamamlandı.
Webhook tetiklendi: Yeni yazı oluşturuldu.
Astro.js build işlemi başlıyor...
Build işlemi tamamlandı.
Dosya işlemleri başlıyor...
Dosya işlemleri tamamlandı.
Webhook tetiklendi: Yeni yazı oluşturuldu.
Astro.js build işlemi başlıyor...
Build işlemi tamamlandı.
Dosya işlemleri başlıyor...
Dosya işlemleri tamamlandı.
Webhook tetiklendi: Yeni yazı oluşturuldu.
Astro.js build işlemi başlıyor...
Build işlemi tamamlandı.
Dosya işlemleri başlıyor...
Dosya işlemleri tamamlandı.
Webhook tetiklendi: Yeni yazı oluşturuldu.
Astro.js build işlemi başlıyor...
Build işlemi tamamlandı.
Dosya işlemleri başlıyor...
Dosya işlemleri tamamlandı.
Webhook tetiklendi: Yeni yazı oluşturuldu.
Astro.js build işlemi başlıyor...
Build işlemi tamamlandı.
Dosya işlemleri başlıyor...
Dosya işlemleri tamamlandı.
Webhook tetiklendi: Yeni yazı oluşturuldu.
Astro.js build işlemi başlıyor...
Build işlemi tamamlandı.
Dosya işlemleri başlıyor...
Dosya işlemleri tamamlandı.
Webhook tetiklendi: Yeni yazı oluşturuldu.
Astro.js build işlemi başlıyor...
Build işlemi tamamlandı.
Dosya işlemleri başlıyor...
Dosya işlemleri tamamlandı.
Webhook tetiklendi: Yeni yazı oluşturuldu.
Astro.js build işlemi başlıyor...
Build işlemi tamamlandı.
Dosya işlemleri başlıyor...
Dosya işlemleri tamamlandı.
Webhook tetiklendi: Yeni yazı oluşturuldu.
Astro.js build işlemi başlıyor...
Build işlemi tamamlandı.
Dosya işlemleri başlıyor...
Dosya işlemleri tamamlandı.
Webhook tetiklendi: Yeni yazı oluşturuldu.
Astro.js build işlemi başlıyor...
Build işlemi tamamlandı.
Dosya işlemleri başlıyor...
Dosya işlemleri tamamlandı.
Webhook tetiklendi: Yeni yazı oluşturuldu.
Astro.js build işlemi başlıyor...
Build işlemi tamamlandı.
Dosya işlemleri başlıyor...
Dosya işlemleri tamamlandı.
Webhook tetiklendi: Yeni yazı oluşturuldu.
Astro.js build işlemi başlıyor...
Build işlemi tamamlandı.
Dosya işlemleri başlıyor...
Dosya işlemleri tamamlandı.
Webhook tetiklendi: Yeni yazı oluşturuldu.
Astro.js build işlemi başlıyor...
Build işlemi tamamlandı.
Dosya işlemleri başlıyor...
Dosya işlemleri tamamlandı.
Webhook tetiklendi: Yeni yazı oluşturuldu.
Astro.js build işlemi başlıyor...
Build işlemi tamamlandı.
Dosya işlemleri başlıyor...
Dosya işlemleri tamamlandı.
Webhook tetiklendi: Yeni yazı oluşturuldu.
Astro.js build işlemi başlıyor...
Build işlemi tamamlandı.
Dosya işlemleri başlıyor...
Dosya işlemleri tamamlandı.
Webhook tetiklendi: Yeni yazı oluşturuldu.
Astro.js build işlemi başlıyor...
Build işlemi tamamlandı.
Dosya işlemleri başlıyor...
Dosya işlemleri tamamlandı.
Webhook tetiklendi: Yeni yazı oluşturuldu.
Astro.js build işlemi başlıyor...
Build işlemi tamamlandı.
Dosya işlemleri başlıyor...
Dosya işlemleri tamamlandı.
Webhook tetiklendi: Yeni yazı oluşturuldu.
Astro.js build işlemi başlıyor...
Build işlemi tamamlandı.
Dosya işlemleri başlıyor...
Dosya işlemleri tamamlandı.
Webhook tetiklendi: Yeni yazı oluşturuldu.
Astro.js build işlemi başlıyor...
Build işlemi tamamlandı.
Dosya işlemleri başlıyor...
Dosya işlemleri tamamlandı.
Webhook tetiklendi: Yeni yazı oluşturuldu.
Astro.js build işlemi başlıyor...
Build işlemi tamamlandı.
Dosya işlemleri başlıyor...
Dosya işlemleri tamamlandı.
Webhook tetiklendi: Yeni yazı oluşturuldu.
Astro.js build işlemi başlıyor...
Build işlemi tamamlandı.
Dosya işlemleri başlıyor...
Dosya işlemleri tamamlandı.
Webhook tetiklendi: Yeni yazı oluşturuldu.
Astro.js build işlemi başlıyor...
Build işlemi tamamlandı.
Dosya işlemleri başlıyor...
Dosya işlemleri tamamlandı.
Webhook tetiklendi: Yeni yazı oluşturuldu.
Astro.js build işlemi başlıyor...
Build işlemi tamamlandı.
Dosya işlemleri başlıyor...
Dosya işlemleri tamamlandı.
Webhook tetiklendi: Yeni yazı oluşturuldu.
Astro.js build işlemi başlıyor...
Build işlemi tamamlandı.
Dosya işlemleri başlıyor...
Dosya işlemleri tamamlandı.
Webhook tetiklendi: Yeni yazı oluşturuldu.
Astro.js build işlemi başlıyor...
Build işlemi tamamlandı.
Dosya işlemleri başlıyor...
Dosya işlemleri tamamlandı.
Webhook tetiklendi: Yeni yazı oluşturuldu.
Astro.js build işlemi başlıyor...
Build işlemi tamamlandı.
Dosya işlemleri başlıyor...
Dosya işlemleri tamamlandı.
Webhook tetiklendi: Yeni yazı oluşturuldu.
Astro.js build işlemi başlıyor...
Build işlemi tamamlandı.
Dosya işlemleri başlıyor...
Dosya işlemleri tamamlandı.
Webhook tetiklendi: Yeni yazı oluşturuldu.
Astro.js build işlemi başlıyor...
Build işlemi tamamlandı.
Dosya işlemleri başlıyor...
Dosya işlemleri tamamlandı.
Webhook tetiklendi: Yeni yazı oluşturuldu.
Astro.js build işlemi başlıyor...
Webhook tetiklendi: Yeni yazı oluşturuldu.
Astro.js build işlemi başlıyor...
Webhook tetiklendi: Yeni yazı oluşturuldu.
Astro.js build işlemi başlıyor...
Webhook tetiklendi: Yeni yazı oluşturuldu.
Astro.js build işlemi başlıyor...
Webhook tetiklendi: Yeni yazı oluşturuldu.
Astro.js build işlemi başlıyor...
Build hatası: Cannot find module '/var/www/html/bugunlerden/temp/pages/author/_id_.astro.mjs' imported from /usr/lib/node_modules/astro/dist/core/build/pipeline.js
  Stack trace:
    at finalizeResolution (node:internal/modules/esm/resolve:265:11)
    at defaultResolve (node:internal/modules/esm/resolve:1169:11)
    at ModuleLoader.resolve (node:internal/modules/esm/loader:510:25)
    at ModuleLoader.import (node:internal/modules/esm/loader:472:34)
    at importModuleDynamicallyCallback (node:internal/modules/esm/utils:253:12)

Hata: Build işlemi başarısız oldu
Build hatası: Cannot find module '/var/www/html/bugunlerden/temp/renderers.mjs' imported from /usr/lib/node_modules/astro/dist/core/build/generate.js
  Stack trace:
    at finalizeResolution (node:internal/modules/esm/resolve:265:11)
    at defaultResolve (node:internal/modules/esm/resolve:1169:11)
    at ModuleLoader.resolve (node:internal/modules/esm/loader:510:25)
    at ModuleLoader.import (node:internal/modules/esm/loader:472:34)
    at importModuleDynamicallyCallback (node:internal/modules/esm/utils:253:12)

Hata: Build işlemi başarısız oldu
Build hatası: Cannot find module '/var/www/html/bugunlerden/temp/renderers.mjs' imported from /usr/lib/node_modules/astro/dist/core/build/generate.js
  Stack trace:
    at finalizeResolution (node:internal/modules/esm/resolve:265:11)
    at defaultResolve (node:internal/modules/esm/resolve:1169:11)
    at ModuleLoader.resolve (node:internal/modules/esm/loader:510:25)
    at ModuleLoader.import (node:internal/modules/esm/loader:472:34)
    at importModuleDynamicallyCallback (node:internal/modules/esm/utils:253:12)

Hata: Build işlemi başarısız oldu
Build hatası: [InvalidImageService] There was an error loading the configured image service. Please see the stack trace for more information.
  Error reference:
    https://docs.astro.build/en/reference/errors/invalid-image-service/
  Stack trace:
    at file:///var/www/html/bugunlerden/temp/chunks/_astro_assets_0ybOokm9.mjs:1246:21
    at async getConfiguredImageService (file:///var/www/html/bugunlerden/temp/chunks/_astro_assets_0ybOokm9.mjs:1242:34)
    at async getImage (file:///var/www/html/bugunlerden/temp/chunks/_astro_assets_0ybOokm9.mjs:1516:42)
  Caused by:
  Cannot find module '/var/www/html/bugunlerden/temp/chunks/sharp_Ctk18cyX.mjs' imported from /var/www/html/bugunlerden/temp/chunks/_astro_assets_0ybOokm9.mjs
    at finalizeResolution (node:internal/modules/esm/resolve:265:11)
    at defaultResolve (node:internal/modules/esm/resolve:1169:11)
    at ModuleLoader.resolve (node:internal/modules/esm/loader:510:25)
    at ModuleLoader.import (node:internal/modules/esm/loader:472:34)
    at importModuleDynamicallyCallback (node:internal/modules/esm/utils:253:12)

Hata: Build işlemi başarısız oldu
Build işlemi tamamlandı.
Dosya işlemleri başlıyor...
Dosya işlemleri tamamlandı.
Webhook tetiklendi: Yeni yazı oluşturuldu.
Astro.js build işlemi başlıyor...
Build işlemi tamamlandı.
Dosya işlemleri başlıyor...
Dosya işlemleri tamamlandı.
Webhook tetiklendi: Yeni yazı oluşturuldu.
Astro.js build işlemi başlıyor...
Build işlemi tamamlandı.
Dosya işlemleri başlıyor...
Dosya işlemleri tamamlandı.
Webhook tetiklendi: Yeni yazı oluşturuldu.
Astro.js build işlemi başlıyor...
Build işlemi tamamlandı.
Dosya işlemleri başlıyor...
Dosya işlemleri tamamlandı.
Webhook tetiklendi: Yeni yazı oluşturuldu.
Astro.js build işlemi başlıyor...
Build işlemi tamamlandı.
Dosya işlemleri başlıyor...
Dosya işlemleri tamamlandı.
Webhook tetiklendi: Yeni yazı oluşturuldu.
Astro.js build işlemi başlıyor...
Build işlemi tamamlandı.
Dosya işlemleri başlıyor...
Dosya işlemleri tamamlandı.
Webhook tetiklendi: Yeni yazı oluşturuldu.
Astro.js build işlemi başlıyor...
Build işlemi tamamlandı.
Dosya işlemleri başlıyor...
Dosya işlemleri tamamlandı.
Webhook tetiklendi: Yeni yazı oluşturuldu.
Astro.js build işlemi başlıyor...
Build işlemi tamamlandı.
Dosya işlemleri başlıyor...
Dosya işlemleri tamamlandı.
Webhook tetiklendi: Yeni yazı oluşturuldu.
Astro.js build işlemi başlıyor...
Build işlemi tamamlandı.
Dosya işlemleri başlıyor...
Dosya işlemleri tamamlandı.
Webhook tetiklendi: Yeni yazı oluşturuldu.
Astro.js build işlemi başlıyor...
Build işlemi tamamlandı.
Dosya işlemleri başlıyor...
Dosya işlemleri tamamlandı.
Webhook tetiklendi: Yeni yazı oluşturuldu.
Astro.js build işlemi başlıyor...
Build işlemi tamamlandı.
Dosya işlemleri başlıyor...
Dosya işlemleri tamamlandı.
Webhook tetiklendi: Yeni yazı oluşturuldu.
Astro.js build işlemi başlıyor...
Build işlemi tamamlandı.
Dosya işlemleri başlıyor...
Dosya işlemleri tamamlandı.
Webhook tetiklendi: Yeni yazı oluşturuldu.
Astro.js build işlemi başlıyor...
Build işlemi tamamlandı.
Dosya işlemleri başlıyor...
Dosya işlemleri tamamlandı.
Webhook tetiklendi: Yeni yazı oluşturuldu.
Astro.js build işlemi başlıyor...
Build işlemi tamamlandı.
Dosya işlemleri başlıyor...
Dosya işlemleri tamamlandı.
Webhook tetiklendi: Yeni yazı oluşturuldu.
Astro.js build işlemi başlıyor...
Build işlemi tamamlandı.
Dosya işlemleri başlıyor...
Dosya işlemleri tamamlandı.
Webhook tetiklendi: Yeni yazı oluşturuldu.
Astro.js build işlemi başlıyor...
Build işlemi tamamlandı.
Dosya işlemleri başlıyor...
Dosya işlemleri tamamlandı.
Webhook tetiklendi: Yeni yazı oluşturuldu.
Astro.js build işlemi başlıyor...
Build işlemi tamamlandı.
Dosya işlemleri başlıyor...
Dosya işlemleri tamamlandı.
Webhook tetiklendi: Yeni yazı oluşturuldu.
Astro.js build işlemi başlıyor...
Build işlemi tamamlandı.
Dosya işlemleri başlıyor...
Dosya işlemleri tamamlandı.
Webhook tetiklendi: Yeni yazı oluşturuldu.
Astro.js build işlemi başlıyor...
Build işlemi tamamlandı.
Dosya işlemleri başlıyor...
Dosya işlemleri tamamlandı.
Webhook tetiklendi: Yeni yazı oluşturuldu.
Astro.js build işlemi başlıyor...
Build işlemi tamamlandı.
Dosya işlemleri başlıyor...
Dosya işlemleri tamamlandı.
Webhook tetiklendi: Yeni yazı oluşturuldu.
Astro.js build işlemi başlıyor...
Build işlemi tamamlandı.
Dosya işlemleri başlıyor...
Dosya işlemleri tamamlandı.
Webhook tetiklendi: Yeni yazı oluşturuldu.
Astro.js build işlemi başlıyor...
Build işlemi tamamlandı.
Dosya işlemleri başlıyor...
Dosya işlemleri tamamlandı.
Webhook tetiklendi: Yeni yazı oluşturuldu.
Astro.js build işlemi başlıyor...
Build işlemi tamamlandı.
Dosya işlemleri başlıyor...
Dosya işlemleri tamamlandı.
Webhook tetiklendi: Yeni yazı oluşturuldu.
Astro.js build işlemi başlıyor...
Build işlemi tamamlandı.
Dosya işlemleri başlıyor...
Dosya işlemleri tamamlandı.
Webhook tetiklendi: Yeni yazı oluşturuldu.
Astro.js build işlemi başlıyor...
Build işlemi tamamlandı.
Dosya işlemleri başlıyor...
Dosya işlemleri tamamlandı.
Webhook tetiklendi: Yeni yazı oluşturuldu.
Astro.js build işlemi başlıyor...
Build işlemi tamamlandı.
Dosya işlemleri başlıyor...
Dosya işlemleri tamamlandı.
Webhook tetiklendi: Yeni yazı oluşturuldu.
Astro.js build işlemi başlıyor...
Build işlemi tamamlandı.
Dosya işlemleri başlıyor...
Dosya işlemleri tamamlandı.
Webhook tetiklendi: Yeni yazı oluşturuldu.
Astro.js build işlemi başlıyor...
Build işlemi tamamlandı.
Dosya işlemleri başlıyor...
Dosya işlemleri tamamlandı.
Webhook tetiklendi: Yeni yazı oluşturuldu.
Astro.js build işlemi başlıyor...
Build işlemi tamamlandı.
Dosya işlemleri başlıyor...
Dosya işlemleri tamamlandı.
Webhook tetiklendi: Yeni yazı oluşturuldu.
Astro.js build işlemi başlıyor...
Build işlemi tamamlandı.
Dosya işlemleri başlıyor...
Dosya işlemleri tamamlandı.
Webhook tetiklendi: Yeni yazı oluşturuldu.
Astro.js build işlemi başlıyor...
Build işlemi tamamlandı.
Dosya işlemleri başlıyor...
Dosya işlemleri tamamlandı.
Webhook tetiklendi: Yeni yazı oluşturuldu.
Astro.js build işlemi başlıyor...
Build işlemi tamamlandı.
Dosya işlemleri başlıyor...
Dosya işlemleri tamamlandı.
Webhook tetiklendi: Yeni yazı oluşturuldu.
Astro.js build işlemi başlıyor...
Build işlemi tamamlandı.
Dosya işlemleri başlıyor...
Dosya işlemleri tamamlandı.
Webhook tetiklendi: Yeni yazı oluşturuldu.
Astro.js build işlemi başlıyor...
Build işlemi tamamlandı.
Dosya işlemleri başlıyor...
Dosya işlemleri tamamlandı.
Webhook tetiklendi: Yeni yazı oluşturuldu.
Astro.js build işlemi başlıyor...
Build işlemi tamamlandı.
Dosya işlemleri başlıyor...
Dosya işlemleri tamamlandı.
Webhook tetiklendi: Yeni yazı oluşturuldu.
Astro.js build işlemi başlıyor...
Build işlemi tamamlandı.
Dosya işlemleri başlıyor...
Dosya işlemleri tamamlandı.
Webhook tetiklendi: Yeni yazı oluşturuldu.
Astro.js build işlemi başlıyor...
Build işlemi tamamlandı.
Dosya işlemleri başlıyor...
Dosya işlemleri tamamlandı.
Webhook tetiklendi: Yeni yazı oluşturuldu.
Astro.js build işlemi başlıyor...
Build işlemi tamamlandı.
Dosya işlemleri başlıyor...
Dosya işlemleri tamamlandı.
Webhook tetiklendi: Yeni yazı oluşturuldu.
Astro.js build işlemi başlıyor...
Build işlemi tamamlandı.
Dosya işlemleri başlıyor...
Dosya işlemleri tamamlandı.
Webhook tetiklendi: Yeni yazı oluşturuldu.
Astro.js build işlemi başlıyor...
Build işlemi tamamlandı.
Dosya işlemleri başlıyor...
Dosya işlemleri tamamlandı.
Webhook tetiklendi: Yeni yazı oluşturuldu.
Astro.js build işlemi başlıyor...
Build işlemi tamamlandı.
Dosya işlemleri başlıyor...
Dosya işlemleri tamamlandı.
Webhook tetiklendi: Yeni yazı oluşturuldu.
Astro.js build işlemi başlıyor...
Build işlemi tamamlandı.
Dosya işlemleri başlıyor...
Dosya işlemleri tamamlandı.
Webhook tetiklendi: Yeni yazı oluşturuldu.
Astro.js build işlemi başlıyor...
Build işlemi tamamlandı.
Dosya işlemleri başlıyor...
Dosya işlemleri tamamlandı.
Webhook tetiklendi: Yeni yazı oluşturuldu.
Astro.js build işlemi başlıyor...
Build işlemi tamamlandı.
Dosya işlemleri başlıyor...
Dosya işlemleri tamamlandı.
Webhook tetiklendi: Yeni yazı oluşturuldu.
Astro.js build işlemi başlıyor...
Build işlemi tamamlandı.
Dosya işlemleri başlıyor...
Dosya işlemleri tamamlandı.
