nohup: ignoring input
Webhook sunucusu çalışıyor: http://localhost:3000
Webhook tetiklendi: Yeni yazı oluşturuldu.
Astro.js build işlemi başlıyor...
Build işlemi tamamlandı.
Dosya işlemleri başlıyor...
Dosya işlemleri tamamlandı.
Webhook tetiklendi: Yeni yazı oluşturuldu.
Astro.js build işlemi başlıyor...
Build işlemi tamamlandı.
Dosya işlemleri başlıyor...
Dosya işlemleri tamamlandı.
Webhook tetiklendi: Yeni yazı oluşturuldu.
Astro.js build işlemi başlıyor...
Build işlemi tamamlandı.
Dosya işlemleri başlıyor...
Dosya işlemleri tamamlandı.
Webhook tetiklendi: Yeni yazı oluşturuldu.
Astro.js build işlemi başlıyor...
Build işlemi tamamlandı.
Dosya işlemleri başlıyor...
Dosya işlemleri tamamlandı.
Webhook tetiklendi: Yeni yazı oluşturuldu.
Astro.js build işlemi başlıyor...
Build işlemi tamamlandı.
Dosya işlemleri başlıyor...
Dosya işlemleri tamamlandı.
Webhook tetiklendi: Yeni yazı oluşturuldu.
Astro.js build işlemi başlıyor...
Build işlemi tamamlandı.
Dosya işlemleri başlıyor...
Dosya işlemleri tamamlandı.
Webhook tetiklendi: Yeni yazı oluşturuldu.
Astro.js build işlemi başlıyor...
Build işlemi tamamlandı.
Dosya işlemleri başlıyor...
Dosya işlemleri tamamlandı.
